<?xml version="1.0" encoding="UTF-8"?>
<!-- Generated by org.testng.reporters.JUnitReportReporter -->
<testsuite hostname="NONI" failures="0" tests="1" name="cucumber.Runner.TestRunner" time="31.068" errors="0" timestamp="2023-07-10T16:26:28 IST" skipped="0">
  <testcase classname="cucumber.Runner.TestRunner" name="runScenario" time="31.068"/>
  <system-out/>
</testsuite> <!-- cucumber.Runner.TestRunner -->
